This is pdfTeX, Version 3.14159265-2.6-1.40.18 (TeX Live 2017/Debian) (preloaded format=pdflatex 2019.11.3)  4 DEC 2019 21:35
entering extended mode
 restricted \write18 enabled.
 %&-line parsing enabled.
**poster.tex
(/usr/share/texlive/texmf-dist/tex/generic/poster-mac/poster.tex
LaTeX2e <2017-04-15>
Babel <3.18> and hyphenation patterns for 3 language(s) loaded.
  v1.1  10/05/15  <tvz>
\@posterbox=\box26
\poster@savedbox=\box27
\poster@cropbox=\box28
)
*
! Interruption.
<*> 
    
? 
(Please type a command or say `\end')
*
(Please type a command or say `\end')
*q

! LaTeX Error: Missing \begin{document}.

See the LaTeX manual or LaTeX Companion for explanation.
Type  H <return>  for immediate help.
 ...                                              
                                                  
<*> q
     
? d
Type <return> to proceed, S to scroll future error messages,
R to run without stopping, Q to run quietly,
I to insert something, 
1 or ... or 9 to ignore the next 1 to 9 tokens of input,
H for help, X to quit.
? 
! Interruption.
\GenericError  ...                                
                                                  \endgroup 
<*> q
     
? e
Type <return> to proceed, S to scroll future error messages,
R to run without stopping, Q to run quietly,
I to insert something, 
H for help, X to quit.
? q
OK, entering \batchmode...
Missing character: There is no q in font nullfont!
! Emergency stop.
<*> q
     
*** (job aborted, no legal \end found)

 
Here is how much of TeX's memory you used:
 66 strings out of 494923
 1073 string characters out of 6180742
 47373 words of memory out of 5000000
 3481 multiletter control sequences out of 15000+600000
 3640 words of font info for 14 fonts, out of 8000000 for 9000
 14 hyphenation exceptions out of 8191
 5i,0n,10p,90b,14s stack positions out of 5000i,500n,10000p,200000b,80000s
!  ==> Fatal error occurred, no output PDF file produced!
